<?xml version="1.0" encoding="UTF-8"?>
<testng-results ignored="0" total="1" passed="1" failed="0" skipped="0">
  <reporter-output>
  </reporter-output>
  <suite started-at="2020-10-26T12:16:45 IST" name="Suite" finished-at="2020-10-26T12:17:07 IST" duration-ms="21403">
    <groups>
    </groups>
    <test started-at="2020-10-26T12:16:45 IST" name="Test" finished-at="2020-10-26T12:17:07 IST" duration-ms="21403">
      <class name="com.airtel.qa.testcases.PopularSectionPageTest">
        <test-method is-config="true" signature="setUp()[pri:0, instance:com.airtel.qa.testcases.PopularSectionPageTest@366647c2]" started-at="2020-10-26T12:16:45 IST" name="setUp" finished-at="2020-10-26T12:17:01 IST" duration-ms="15831" status="PASS">
          <reporter-output>
          </reporter-output>
        </test-method> <!-- setUp -->
        <test-method signature="itemsWithLowestPrice()[pri:0, instance:com.airtel.qa.testcases.PopularSectionPageTest@366647c2]" started-at="2020-10-26T12:17:01 IST" name="itemsWithLowestPrice" finished-at="2020-10-26T12:17:05 IST" duration-ms="3917" status="PASS">
          <reporter-output>
          </reporter-output>
        </test-method> <!-- itemsWithLowestPrice -->
        <test-method is-config="true" signature="tearDown()[pri:0, instance:com.airtel.qa.testcases.PopularSectionPageTest@366647c2]" started-at="2020-10-26T12:17:05 IST" name="tearDown" finished-at="2020-10-26T12:17:07 IST" duration-ms="1558" status="PASS">
          <reporter-output>
          </reporter-output>
        </test-method> <!-- tearDown -->
      </class> <!-- com.airtel.qa.testcases.PopularSectionPageTest -->
    </test> <!-- Test -->
  </suite> <!-- Suite -->
</testng-results>
